= Host-specific information ====================================================
$> hostname; uname -msr
e1z2r3p17.42.us.org
Darwin 15.6.0 x86_64
$> date
Sat Jun 16 19:38:13 PDT 2018
$> gcc --version
Configured with: --prefix=/Applications/Xcode.app/Contents/Developer/usr --with-gxx-include-dir=/usr/include/c++/4.2.1
Apple LLVM version 8.0.0 (clang-800.0.38)
Target: x86_64-apple-darwin15.6.0
Thread model: posix
InstalledDir: /Applications/Xcode.app/Contents/Developer/Toolchains/XcodeDefault.xctoolchain/usr/bin
$> clang --version
Apple LLVM version 8.0.0 (clang-800.0.38)
Target: x86_64-apple-darwin15.6.0
Thread model: posix
InstalledDir: /Applications/Xcode.app/Contents/Developer/Toolchains/XcodeDefault.xctoolchain/usr/bin

= User files collection ========================================================
Collecting user files from Vogsphere
Repository URL: auto-exam/2018/c-exam-alone-in-the-dark-intermediate/practice-exam_20180617/tyang

= Git history ==================================================================
$> git -C /var/folders/97/qpsq8lcx3kxdx6wbrznc5n600000gp/T/tmpkTBvyw/user log --pretty='%H - %an, %ad : %s'
734f742367ce301dc995d3eb6c836f712c6198f2 - Taylor Yang, Sat Jun 16 19:37:44 2018 -0700 : lv0
 
= Collected files ==========================================
$> ls -lAR /var/folders/97/qpsq8lcx3kxdx6wbrznc5n600000gp/T/tmpkTBvyw/user
total 8
-rw-r--r--  1 deepthought  deepthought  226 Jun 16 19:38 __GIT_HISTORY
drwxr-xr-x  3 deepthought  deepthought  102 Jun 16 19:38 equation

/var/folders/97/qpsq8lcx3kxdx6wbrznc5n600000gp/T/tmpkTBvyw/user/equation:
total 8
-rw-r--r--  1 deepthought  deepthought  278 Jun 16 19:38 equation.c
 
= equation =====================================================================
$> gcc -Wextra -Wall -Werror equation.c main.c -o user_exe 

= Test 1 ===================================================
$> ./10uw8qkthuha9642k6mts5tu 0
$> diff -U 3 user_output_test1 test1.output | cat -e

Diff OK :D
= Test 2 ===================================================
$> ./ef4xr0gr1r6z4o8o89tti1ue 3
$> diff -U 3 user_output_test2 test2.output | cat -e

Diff OK :D
= Test 3 ===================================================
$> ./znwdkkvg87ch0kx5svfvcv82 31
$> diff -U 3 user_output_test3 test3.output | cat -e

Diff OK :D
= Test 4 ===================================================
$> ./jijhvxtvrmb237r98v1rmx3t 42
$> diff -U 3 user_output_test4 test4.output | cat -e

Diff OK :D
= Test 5 ===================================================
$> ./buo8ph1t6hcygk9caeksh7l6 54
$> diff -U 3 user_output_test5 test5.output | cat -e

Diff OK :D
= Test 6 ===================================================
$> ./4f3y9pn6ryst04q55eoc7f6y 21
$> diff -U 3 user_output_test6 test6.output | cat -e

Diff OK :D
= Test 7 ===================================================
$> ./wgbdwo3oa54j9t99yivmron0 111
$> diff -U 3 user_output_test7 test7.output | cat -e

Diff OK :D
= Test 8 ===================================================
$> ./s8wu49b9fx3ie8cnz1dkqz7g 133
$> diff -U 3 user_output_test8 test8.output | cat -e

Diff OK :D
= Test 9 ===================================================
$> ./a6slpo2ypcw81xlbbvajrlnk 198
$> diff -U 3 user_output_test9 test9.output | cat -e

Diff OK :D
Grade: 1

= Final grade: 1 ===============================================================
